app/build/intermediates/manifest_merge_blame_file/debug/processDebugMainManifest/manifest-merger-blame-debug-report.txt
1<?xml version="1.0" encoding="utf-8"?>
2<manifest xmlns:android="http://schemas.android.com/apk/res/android"
3    package="uz.neovex.iccu.kiosk"
4    android:versionCode="1"
5    android:versionName="1.0" >
6
7    <uses-sdk
8        android:minSdkVersion="23"
9        android:targetSdkVersion="36" />
10
11    <uses-permission android:name="android.permission.INTERNET" />
11-->src/main/AndroidManifest.xml:4:5-67
11-->src/main/AndroidManifest.xml:4:22-64
12    <uses-permission android:name="android.permission.ACCESS_NETWORK_STATE" />
12-->src/main/AndroidManifest.xml:5:5-79
12-->src/main/AndroidManifest.xml:5:22-76
13    <uses-permission android:name="android.permission.ACCESS_WIFI_STATE" />
13-->src/main/AndroidManifest.xml:6:5-76
13-->src/main/AndroidManifest.xml:6:22-73
14    <uses-permission android:name="android.permission.CHANGE_WIFI_STATE" />
14-->src/main/AndroidManifest.xml:7:5-76
14-->src/main/AndroidManifest.xml:7:22-73
15    <uses-permission android:name="android.permission.RECEIVE_BOOT_COMPLETED" />
15-->src/main/AndroidManifest.xml:8:5-81
15-->src/main/AndroidManifest.xml:8:22-78
16
17    <application
17-->src/main/AndroidManifest.xml:10:5-68:19
18        android:allowBackup="false"
18-->src/main/AndroidManifest.xml:11:9-36
19        android:debuggable="true"
20        android:extractNativeLibs="false"
21        android:fullBackupContent="false"
21-->src/main/AndroidManifest.xml:12:9-42
22        android:icon="@drawable/ic_launcher"
22-->src/main/AndroidManifest.xml:13:9-45
23        android:label="ICCU Forum"
23-->src/main/AndroidManifest.xml:14:9-35
24        android:resizeableActivity="false"
24-->src/main/AndroidManifest.xml:15:9-43
25        android:supportsRtl="true"
25-->src/main/AndroidManifest.xml:16:9-35
26        android:theme="@style/AppTheme" >
26-->src/main/AndroidManifest.xml:17:9-40
27        <activity
27-->src/debug/AndroidManifest.xml:5:9-10:47
28            android:name="uz.neovex.iccu.kiosk.DebugRemoveOwnerActivity"
28-->src/debug/AndroidManifest.xml:6:13-53
29            android:excludeFromRecents="true"
29-->src/debug/AndroidManifest.xml:7:13-46
30            android:exported="true"
30-->src/debug/AndroidManifest.xml:8:13-36
31            android:noHistory="true"
31-->src/debug/AndroidManifest.xml:9:13-37
32            android:theme="@style/AppTheme" />
32-->src/debug/AndroidManifest.xml:10:13-44
33        <activity
33-->src/main/AndroidManifest.xml:19:9-32:20
34            android:name="uz.neovex.iccu.kiosk.MainActivity"
34-->src/main/AndroidManifest.xml:20:13-41
35            android:configChanges="keyboard|keyboardHidden|orientation|screenSize|uiMode"
35-->src/main/AndroidManifest.xml:21:13-90
36            android:exported="true"
36-->src/main/AndroidManifest.xml:22:13-36
37            android:launchMode="singleTask"
37-->src/main/AndroidManifest.xml:23:13-44
38            android:lockTaskMode="if_whitelisted"
38-->src/main/AndroidManifest.xml:24:13-50
39            android:screenOrientation="landscape" >
39-->src/main/AndroidManifest.xml:25:13-50
40            <intent-filter>
40-->src/main/AndroidManifest.xml:26:13-31:29
41                <action android:name="android.intent.action.MAIN" />
41-->src/main/AndroidManifest.xml:27:17-69
41-->src/main/AndroidManifest.xml:27:25-66
42
43                <category android:name="android.intent.category.LAUNCHER" />
43-->src/main/AndroidManifest.xml:28:17-77
43-->src/main/AndroidManifest.xml:28:27-74
44                <category android:name="android.intent.category.HOME" />
44-->src/main/AndroidManifest.xml:29:17-73
44-->src/main/AndroidManifest.xml:29:27-70
45                <category android:name="android.intent.category.DEFAULT" />
45-->src/main/AndroidManifest.xml:30:17-76
45-->src/main/AndroidManifest.xml:30:27-73
46            </intent-filter>
47        </activity>
48
49        <receiver
49-->src/main/AndroidManifest.xml:34:9-46:20
50            android:name="uz.neovex.iccu.kiosk.KioskDeviceAdminReceiver"
50-->src/main/AndroidManifest.xml:35:13-53
51            android:description="@string/device_admin_description"
51-->src/main/AndroidManifest.xml:36:13-67
52            android:exported="true"
52-->src/main/AndroidManifest.xml:37:13-36
53            android:label="@string/app_name"
53-->src/main/AndroidManifest.xml:38:13-45
54            android:permission="android.permission.BIND_DEVICE_ADMIN" >
54-->src/main/AndroidManifest.xml:39:13-70
55            <meta-data
55-->src/main/AndroidManifest.xml:40:13-42:65
56                android:name="android.app.device_admin"
56-->src/main/AndroidManifest.xml:41:17-56
57                android:resource="@xml/device_admin_receiver" />
57-->src/main/AndroidManifest.xml:42:17-62
58
59            <intent-filter>
59-->src/main/AndroidManifest.xml:43:13-45:29
60                <action android:name="android.app.action.DEVICE_ADMIN_ENABLED" />
60-->src/main/AndroidManifest.xml:44:17-82
60-->src/main/AndroidManifest.xml:44:25-79
61            </intent-filter>
62        </receiver>
63        <receiver
63-->src/main/AndroidManifest.xml:48:9-58:20
64            android:name="uz.neovex.iccu.kiosk.BootReceiver"
64-->src/main/AndroidManifest.xml:49:13-41
65            android:directBootAware="true"
65-->src/main/AndroidManifest.xml:50:13-43
66            android:enabled="true"
66-->src/main/AndroidManifest.xml:51:13-35
67            android:exported="true" >
67-->src/main/AndroidManifest.xml:52:13-36
68            <intent-filter>
68-->src/main/AndroidManifest.xml:53:13-57:29
69                <action android:name="android.intent.action.BOOT_COMPLETED" />
69-->src/main/AndroidManifest.xml:54:17-79
69-->src/main/AndroidManifest.xml:54:25-76
70                <action android:name="android.intent.action.LOCKED_BOOT_COMPLETED" />
70-->src/main/AndroidManifest.xml:55:17-86
70-->src/main/AndroidManifest.xml:55:25-83
71                <action android:name="android.intent.action.MY_PACKAGE_REPLACED" />
71-->src/main/AndroidManifest.xml:56:17-84
71-->src/main/AndroidManifest.xml:56:25-81
72            </intent-filter>
73        </receiver>
74        <receiver
74-->src/main/AndroidManifest.xml:60:9-67:20
75            android:name="uz.neovex.iccu.kiosk.WifiProvisionReceiver"
75-->src/main/AndroidManifest.xml:61:13-50
76            android:enabled="true"
76-->src/main/AndroidManifest.xml:62:13-35
77            android:exported="true" >
77-->src/main/AndroidManifest.xml:63:13-36
78            <intent-filter>
78-->src/main/AndroidManifest.xml:64:13-66:29
79                <action android:name="uz.neovex.iccu.kiosk.PROVISION_WIFI" />
79-->src/main/AndroidManifest.xml:65:17-78
79-->src/main/AndroidManifest.xml:65:25-75
80            </intent-filter>
81        </receiver>
82    </application>
83
84</manifest>